[www.fates.world/index.html]
[backblue.gif]
[fade.gif]
[index.html]
[assets-global.website-files.com/631f46d6d0cf7a86de0aa4c3/css/fates-micro-final.852fac782.min.css]
[cdn.prod.website-files.com/631f46d6d0cf7a86de0aa4c3/631f46d6d0cf7a7b4f0aa50b_icon-sm.jpg]
[cdn.prod.website-files.com/631f46d6d0cf7a86de0aa4c3/631f46d6d0cf7ab8b60aa507_icon-lg.jpg]
[cdn.prod.website-files.com/631f46d6d0cf7a86de0aa4c3/631f46d6d0cf7abce60aa4e3_Asteroid-1.png]
[cdn.prod.website-files.com/631f46d6d0cf7a86de0aa4c3/631f46d6d0cf7ad9110aa51a_Fates-Logotype.svg]
[cdn.prod.website-files.com/631f46d6d0cf7a86de0aa4c3/631f46d6d0cf7af5840aa4d0_Icon.svg]
[www.fates.world/divisions.html]
[cdn.prod.website-files.com/631f46d6d0cf7a86de0aa4c3/631f46d6d0cf7a2d1a0aa511_Discord.svg]
[cdn.prod.website-files.com/631f46d6d0cf7a86de0aa4c3/631f46d6d0cf7a0d8b0aa510_Twitter.svg]
[cdn.prod.website-files.com/62fdf6b3b772ab3199401457/6310b1a4c9c1ec022899e7c8_hero-cover.jpg]
[cdn.prod.website-files.com/631f46d6d0cf7a86de0aa4c3/631f46d6d0cf7ad8b30aa4c9_lines.svg]
[cdn.prod.website-files.com/631f46d6d0cf7a86de0aa4c3/631f46d6d0cf7ac95e0aa4cc_lines-lg.svg]
[cdn.prod.website-files.com/631f46d6d0cf7a86de0aa4c3/631f46d6d0cf7aa7940aa4db_Pioneer (1).png]
[cdn.prod.website-files.com/631f46d6d0cf7a86de0aa4c3/631f46d6d0cf7a04a40aa4da_icon.svg]
[cdn.prod.website-files.com/62fdf6b3b772ab3199401457/6310bc4700e9712817b619ff_worlds (1).jpg]
[cdn.prod.website-files.com/631f46d6d0cf7a86de0aa4c3/631f46d6d0cf7a72c70aa501_Hive - Logo.svg]
[cdn.prod.website-files.com/631f46d6d0cf7a86de0aa4c3/631f46d6d0cf7a2cdc0aa4fe_Forge - Logo.svg]
[cdn.prod.website-files.com/631f46d6d0cf7a86de0aa4c3/631f46d6d0cf7aa7570aa4f0_Scout - Logo.svg]
[cdn.prod.website-files.com/631f46d6d0cf7a86de0aa4c3/631f46d6d0cf7a4fc90aa4f3_Oath - Logo.svg]
[cdn.prod.website-files.com/631f46d6d0cf7a86de0aa4c3/631f46d6d0cf7aad020aa4f5_Labs - Logo.svg]
[cdn.prod.website-files.com/631f46d6d0cf7a86de0aa4c3/63986b80ae55183b0bffc5ab_icon-fates.svg]
[cdn.prod.website-files.com/631f46d6d0cf7a86de0aa4c3/631f46d6d0cf7a7c920aa503_close.svg]
[cdn.prod.website-files.com/631f46d6d0cf7a86de0aa4c3/631f46d6d0cf7a56590aa4f9_shape.svg]
[cdn.prod.website-files.com/631f46d6d0cf7a86de0aa4c3/631f46d6d0cf7a8a3c0aa51b_Fates-logo-footer.svg]
[d3e54v103j8qbb.cloudfront.net/js/jquery-3.5.1.min.dc5e7f18c86886.js]
[assets-global.website-files.com/631f46d6d0cf7a86de0aa4c3/js/fates-micro-final.586af1de4.js]
[cdnjs.cloudflare.com/ajax/libs/lazysizes/5.2.0/lazysizes.min.js]
[player.vimeo.com/api/player.1b.delayed]
[www.fates.world/index.html]
[assets-global.website-files.com/631f46d6d0cf7a86de0aa4c3/css/fates-micro-final.852fac782.min.css]
[cdn.prod.website-files.com/631f46d6d0cf7a86de0aa4c3/631f46d6d0cf7ad9110aa51a_Fates-Logotype.svg]
[cdn.prod.website-files.com/631f46d6d0cf7a86de0aa4c3/631f46d6d0cf7af5840aa4d0_Icon.svg]
[www.fates.world/divisions.html]
[cdn.prod.website-files.com/631f46d6d0cf7a86de0aa4c3/631f46d6d0cf7a2d1a0aa511_Discord.svg]
[cdn.prod.website-files.com/631f46d6d0cf7a86de0aa4c3/631f46d6d0cf7a0d8b0aa510_Twitter.svg]
[cdn.prod.website-files.com/631f46d6d0cf7a86de0aa4c3/631f46d6d0cf7ad8b30aa4c9_lines.svg]
[cdn.prod.website-files.com/631f46d6d0cf7a86de0aa4c3/631f46d6d0cf7ac95e0aa4cc_lines-lg.svg]
[cdn.prod.website-files.com/631f46d6d0cf7a86de0aa4c3/631f46d6d0cf7a04a40aa4da_icon.svg]
[cdn.prod.website-files.com/631f46d6d0cf7a86de0aa4c3/631f46d6d0cf7a72c70aa501_Hive - Logo.svg]
[cdn.prod.website-files.com/631f46d6d0cf7a86de0aa4c3/631f46d6d0cf7a2cdc0aa4fe_Forge - Logo.svg]
[cdn.prod.website-files.com/631f46d6d0cf7a86de0aa4c3/631f46d6d0cf7aa7570aa4f0_Scout - Logo.svg]
[cdn.prod.website-files.com/631f46d6d0cf7a86de0aa4c3/631f46d6d0cf7a4fc90aa4f3_Oath - Logo.svg]
[cdn.prod.website-files.com/631f46d6d0cf7a86de0aa4c3/631f46d6d0cf7aad020aa4f5_Labs - Logo.svg]
[cdn.prod.website-files.com/631f46d6d0cf7a86de0aa4c3/63986b80ae55183b0bffc5ab_icon-fates.svg]
[cdn.prod.website-files.com/631f46d6d0cf7a86de0aa4c3/631f46d6d0cf7a7c920aa503_close.svg]
[cdn.prod.website-files.com/631f46d6d0cf7a86de0aa4c3/631f46d6d0cf7a56590aa4f9_shape.svg]
[cdn.prod.website-files.com/631f46d6d0cf7a86de0aa4c3/631f46d6d0cf7a8a3c0aa51b_Fates-logo-footer.svg]
[player.vimeo.com/api/player.html]
[cdnjs.cloudflare.com/ajax/libs/lazysizes/4.1.5/lazysizes-umd.min.js]
